{"message":"Something failed during startup.","stack":"Error: Something failed during startup.\n    at Object.<anonymous> (/Users/moshfeghhamedani/Desktop/node-course/vidly/index.js:29:7)\n    at Module._compile (module.js:635:30)\n    at Object.Module._extensions..js (module.js:646:10)\n    at Module.load (module.js:554:32)\n    at tryModuleLoad (module.js:497:12)\n    at Function.Module._load (module.js:489:3)\n    at Function.Module.runMain (module.js:676:10)\n    at startup (bootstrap_node.js:187:16)\n    at bootstrap_node.js:608:3","level":"error","timestamp":"2018-02-06T20:32:44.656Z"}
{"message":"Something failed miserably!","stack":"Error: Something failed miserably!\n    at Object.<anonymous> (/Users/moshfeghhamedani/Desktop/node-course/vidly/index.js:34:26)\n    at Module._compile (module.js:635:30)\n    at Object.Module._extensions..js (module.js:646:10)\n    at Module.load (module.js:554:32)\n    at tryModuleLoad (module.js:497:12)\n    at Function.Module._load (module.js:489:3)\n    at Function.Module.runMain (module.js:676:10)\n    at startup (bootstrap_node.js:187:16)\n    at bootstrap_node.js:608:3","level":"error","timestamp":"2018-02-06T20:53:50.001Z"}
{"message":"Could not get the genres.","stack":"Error: Could not get the genres.\n    at router.get (/Users/moshfeghhamedani/Desktop/node-course/vidly/routes/genres.js:9:9)\n    at /Users/moshfeghhamedani/Desktop/node-course/vidly/node_modules/express-async-errors/index.js:17:17\n    at Layer.handle [as handle_request] (/Users/moshfeghhamedani/Desktop/node-course/vidly/node_modules/express/lib/router/layer.js:95:5)\n    at next (/Users/moshfeghhamedani/Desktop/node-course/vidly/node_modules/express/lib/router/route.js:137:13)\n    at Route.dispatch (/Users/moshfeghhamedani/Desktop/node-course/vidly/node_modules/express/lib/router/route.js:112:3)\n    at /Users/moshfeghhamedani/Desktop/node-course/vidly/node_modules/express-async-errors/index.js:17:17\n    at Layer.handle [as handle_request] (/Users/moshfeghhamedani/Desktop/node-course/vidly/node_modules/express/lib/router/layer.js:95:5)\n    at /Users/moshfeghhamedani/Desktop/node-course/vidly/node_modules/express/lib/router/index.js:281:22\n    at Function.process_params (/Users/moshfeghhamedani/Desktop/node-course/vidly/node_modules/express/lib/router/index.js:335:12)\n    at next (/Users/moshfeghhamedani/Desktop/node-course/vidly/node_modules/express/lib/router/index.js:275:10)\n    at Function.handle (/Users/moshfeghhamedani/Desktop/node-course/vidly/node_modules/express/lib/router/index.js:174:3)\n    at router (/Users/moshfeghhamedani/Desktop/node-course/vidly/node_modules/express/lib/router/index.js:47:12)\n    at /Users/moshfeghhamedani/Desktop/node-course/vidly/node_modules/express-async-errors/index.js:17:17\n    at Layer.handle [as handle_request] (/Users/moshfeghhamedani/Desktop/node-course/vidly/node_modules/express/lib/router/layer.js:95:5)\n    at trim_prefix (/Users/moshfeghhamedani/Desktop/node-course/vidly/node_modules/express/lib/router/index.js:317:13)\n    at /Users/moshfeghhamedani/Desktop/node-course/vidly/node_modules/express/lib/router/index.js:284:7","level":"error","timestamp":"2018-02-06T21:21:42.521Z"}
{"message":"Could not get the genres.","stack":"Error: Could not get the genres.\n    at router.get (/Users/moshfeghhamedani/Desktop/node-course/vidly/routes/genres.js:9:9)\n    at /Users/moshfeghhamedani/Desktop/node-course/vidly/node_modules/express-async-errors/index.js:17:17\n    at Layer.handle [as handle_request] (/Users/moshfeghhamedani/Desktop/node-course/vidly/node_modules/express/lib/router/layer.js:95:5)\n    at next (/Users/moshfeghhamedani/Desktop/node-course/vidly/node_modules/express/lib/router/route.js:137:13)\n    at Route.dispatch (/Users/moshfeghhamedani/Desktop/node-course/vidly/node_modules/express/lib/router/route.js:112:3)\n    at /Users/moshfeghhamedani/Desktop/node-course/vidly/node_modules/express-async-errors/index.js:17:17\n    at Layer.handle [as handle_request] (/Users/moshfeghhamedani/Desktop/node-course/vidly/node_modules/express/lib/router/layer.js:95:5)\n    at /Users/moshfeghhamedani/Desktop/node-course/vidly/node_modules/express/lib/router/index.js:281:22\n    at Function.process_params (/Users/moshfeghhamedani/Desktop/node-course/vidly/node_modules/express/lib/router/index.js:335:12)\n    at next (/Users/moshfeghhamedani/Desktop/node-course/vidly/node_modules/express/lib/router/index.js:275:10)\n    at Function.handle (/Users/moshfeghhamedani/Desktop/node-course/vidly/node_modules/express/lib/router/index.js:174:3)\n    at router (/Users/moshfeghhamedani/Desktop/node-course/vidly/node_modules/express/lib/router/index.js:47:12)\n    at /Users/moshfeghhamedani/Desktop/node-course/vidly/node_modules/express-async-errors/index.js:17:17\n    at Layer.handle [as handle_request] (/Users/moshfeghhamedani/Desktop/node-course/vidly/node_modules/express/lib/router/layer.js:95:5)\n    at trim_prefix (/Users/moshfeghhamedani/Desktop/node-course/vidly/node_modules/express/lib/router/index.js:317:13)\n    at /Users/moshfeghhamedani/Desktop/node-course/vidly/node_modules/express/lib/router/index.js:284:7","level":"error","timestamp":"2018-02-06T21:21:43.301Z"}
{"message":"Could not get the genres.","stack":"Error: Could not get the genres.\n    at router.get (/Users/moshfeghhamedani/Desktop/node-course/vidly/routes/genres.js:9:9)\n    at /Users/moshfeghhamedani/Desktop/node-course/vidly/node_modules/express-async-errors/index.js:17:17\n    at Layer.handle [as handle_request] (/Users/moshfeghhamedani/Desktop/node-course/vidly/node_modules/express/lib/router/layer.js:95:5)\n    at next (/Users/moshfeghhamedani/Desktop/node-course/vidly/node_modules/express/lib/router/route.js:137:13)\n    at Route.dispatch (/Users/moshfeghhamedani/Desktop/node-course/vidly/node_modules/express/lib/router/route.js:112:3)\n    at /Users/moshfeghhamedani/Desktop/node-course/vidly/node_modules/express-async-errors/index.js:17:17\n    at Layer.handle [as handle_request] (/Users/moshfeghhamedani/Desktop/node-course/vidly/node_modules/express/lib/router/layer.js:95:5)\n    at /Users/moshfeghhamedani/Desktop/node-course/vidly/node_modules/express/lib/router/index.js:281:22\n    at Function.process_params (/Users/moshfeghhamedani/Desktop/node-course/vidly/node_modules/express/lib/router/index.js:335:12)\n    at next (/Users/moshfeghhamedani/Desktop/node-course/vidly/node_modules/express/lib/router/index.js:275:10)\n    at Function.handle (/Users/moshfeghhamedani/Desktop/node-course/vidly/node_modules/express/lib/router/index.js:174:3)\n    at router (/Users/moshfeghhamedani/Desktop/node-course/vidly/node_modules/express/lib/router/index.js:47:12)\n    at /Users/moshfeghhamedani/Desktop/node-course/vidly/node_modules/express-async-errors/index.js:17:17\n    at Layer.handle [as handle_request] (/Users/moshfeghhamedani/Desktop/node-course/vidly/node_modules/express/lib/router/layer.js:95:5)\n    at trim_prefix (/Users/moshfeghhamedani/Desktop/node-course/vidly/node_modules/express/lib/router/index.js:317:13)\n    at /Users/moshfeghhamedani/Desktop/node-course/vidly/node_modules/express/lib/router/index.js:284:7","level":"error","timestamp":"2018-02-06T21:21:52.096Z"}
{"message":"Could not get the genres.","stack":"Error: Could not get the genres.\n    at router.get (/Users/moshfeghhamedani/Desktop/node-course/vidly/routes/genres.js:9:9)\n    at /Users/moshfeghhamedani/Desktop/node-course/vidly/node_modules/express-async-errors/index.js:17:17\n    at Layer.handle [as handle_request] (/Users/moshfeghhamedani/Desktop/node-course/vidly/node_modules/express/lib/router/layer.js:95:5)\n    at next (/Users/moshfeghhamedani/Desktop/node-course/vidly/node_modules/express/lib/router/route.js:137:13)\n    at Route.dispatch (/Users/moshfeghhamedani/Desktop/node-course/vidly/node_modules/express/lib/router/route.js:112:3)\n    at /Users/moshfeghhamedani/Desktop/node-course/vidly/node_modules/express-async-errors/index.js:17:17\n    at Layer.handle [as handle_request] (/Users/moshfeghhamedani/Desktop/node-course/vidly/node_modules/express/lib/router/layer.js:95:5)\n    at /Users/moshfeghhamedani/Desktop/node-course/vidly/node_modules/express/lib/router/index.js:281:22\n    at Function.process_params (/Users/moshfeghhamedani/Desktop/node-course/vidly/node_modules/express/lib/router/index.js:335:12)\n    at next (/Users/moshfeghhamedani/Desktop/node-course/vidly/node_modules/express/lib/router/index.js:275:10)\n    at Function.handle (/Users/moshfeghhamedani/Desktop/node-course/vidly/node_modules/express/lib/router/index.js:174:3)\n    at router (/Users/moshfeghhamedani/Desktop/node-course/vidly/node_modules/express/lib/router/index.js:47:12)\n    at /Users/moshfeghhamedani/Desktop/node-course/vidly/node_modules/express-async-errors/index.js:17:17\n    at Layer.handle [as handle_request] (/Users/moshfeghhamedani/Desktop/node-course/vidly/node_modules/express/lib/router/layer.js:95:5)\n    at trim_prefix (/Users/moshfeghhamedani/Desktop/node-course/vidly/node_modules/express/lib/router/index.js:317:13)\n    at /Users/moshfeghhamedani/Desktop/node-course/vidly/node_modules/express/lib/router/index.js:284:7","level":"error","timestamp":"2018-02-06T21:21:53.806Z"}
{"level":"info","message":"Connected to MongoDB...","timestamp":"2018-02-06T21:34:26.743Z"}
{"level":"info","message":"Connected to MongoDB...","timestamp":"2018-02-06T21:39:24.124Z"}
{"level":"info","message":"Listening on port 3000...","timestamp":"2018-02-13T19:46:38.839Z"}
{"level":"info","message":"Connected to MongoDB...","timestamp":"2018-02-13T19:46:38.861Z"}
{"level":"info","message":"Listening on port 3000...","timestamp":"2018-02-13T20:02:31.852Z"}
{"level":"info","message":"Connected to mongodb://localhost/vidly...","timestamp":"2018-02-13T20:02:31.873Z"}
{"level":"info","message":"Listening on port 3000...","timestamp":"2018-02-13T20:03:10.196Z"}
{"level":"info","message":"Connected to mongodb://localhost/vidly_tests...","timestamp":"2018-02-13T20:03:10.216Z"}
{"level":"info","message":"Connected to mongodb://localhost/vidly_tests...","timestamp":"2018-02-13T20:27:25.716Z"}
{"level":"info","message":"Listening on port 3000...","timestamp":"2018-02-13T20:30:04.955Z"}
{"level":"info","message":"Connected to mongodb://localhost/vidly_tests...","timestamp":"2018-02-13T20:30:04.977Z"}
{"level":"info","message":"Listening on port 3000...","timestamp":"2018-02-13T20:30:12.297Z"}
{"level":"info","message":"Connected to mongodb://localhost/vidly_tests...","timestamp":"2018-02-13T20:30:12.356Z"}
{"level":"info","message":"Listening on port 3000...","timestamp":"2018-02-13T20:50:37.433Z"}
{"level":"info","message":"Connected to mongodb://localhost/vidly_tests...","timestamp":"2018-02-13T20:50:37.450Z"}
{"level":"info","message":"Listening on port 3000...","timestamp":"2018-02-13T20:55:18.295Z"}
{"level":"info","message":"Connected to mongodb://localhost/vidly_tests...","timestamp":"2018-02-13T20:55:18.310Z"}
{"level":"info","message":"Listening on port 3000...","timestamp":"2018-02-13T20:57:48.592Z"}
{"level":"info","message":"Connected to mongodb://localhost/vidly_tests...","timestamp":"2018-02-13T20:57:48.597Z"}
{"level":"info","message":"Listening on port 3000...","timestamp":"2018-02-13T20:58:08.617Z"}
{"level":"info","message":"Connected to mongodb://localhost/vidly_tests...","timestamp":"2018-02-13T20:58:08.623Z"}
{"level":"info","message":"Listening on port 3000...","timestamp":"2018-02-13T21:01:29.080Z"}
{"level":"info","message":"Connected to mongodb://localhost/vidly_tests...","timestamp":"2018-02-13T21:01:29.085Z"}
{"level":"info","message":"Listening on port 3000...","timestamp":"2018-02-13T21:01:46.915Z"}
{"level":"info","message":"Connected to mongodb://localhost/vidly_tests...","timestamp":"2018-02-13T21:01:46.921Z"}
{"level":"info","message":"Listening on port 3000...","timestamp":"2018-02-13T21:04:39.262Z"}
{"level":"info","message":"Connected to mongodb://localhost/vidly_tests...","timestamp":"2018-02-13T21:04:39.267Z"}
{"level":"info","message":"Listening on port 3000...","timestamp":"2018-02-13T21:08:51.311Z"}
{"level":"info","message":"Connected to mongodb://localhost/vidly_tests...","timestamp":"2018-02-13T21:08:51.317Z"}
{"level":"info","message":"Listening on port 3000...","timestamp":"2018-02-13T21:11:41.903Z"}
{"level":"info","message":"Connected to mongodb://localhost/vidly_tests...","timestamp":"2018-02-13T21:11:41.913Z"}
{"level":"info","message":"Listening on port 3000...","timestamp":"2018-02-13T21:15:14.584Z"}
{"level":"info","message":"Connected to mongodb://localhost/vidly_tests...","timestamp":"2018-02-13T21:15:14.588Z"}
{"level":"info","message":"Listening on port 3000...","timestamp":"2018-02-13T21:15:27.986Z"}
{"level":"info","message":"Connected to mongodb://localhost/vidly_tests...","timestamp":"2018-02-13T21:15:28.051Z"}
{"level":"info","message":"Listening on port 3000...","timestamp":"2018-02-13T21:17:59.584Z"}
{"level":"info","message":"Connected to mongodb://localhost/vidly_tests...","timestamp":"2018-02-13T21:17:59.592Z"}
{"level":"info","message":"Listening on port 3000...","timestamp":"2018-02-13T21:18:09.265Z"}
{"level":"info","message":"Connected to mongodb://localhost/vidly_tests...","timestamp":"2018-02-13T21:18:09.269Z"}
{"level":"info","message":"Listening on port 3000...","timestamp":"2018-02-13T21:20:18.021Z"}
{"level":"info","message":"Connected to mongodb://localhost/vidly_tests...","timestamp":"2018-02-13T21:20:18.026Z"}
{"level":"info","message":"Listening on port 3000...","timestamp":"2018-02-13T21:22:17.529Z"}
{"level":"info","message":"Connected to mongodb://localhost/vidly_tests...","timestamp":"2018-02-13T21:22:17.534Z"}
{"level":"info","message":"Listening on port 3000...","timestamp":"2018-02-13T22:15:14.480Z"}
{"level":"info","message":"Connected to mongodb://localhost/vidly_tests...","timestamp":"2018-02-13T22:15:14.614Z"}
{"level":"info","message":"Listening on port 3000...","timestamp":"2018-02-13T22:15:24.614Z"}
{"level":"info","message":"Connected to mongodb://localhost/vidly_tests...","timestamp":"2018-02-13T22:15:24.740Z"}
{"level":"info","message":"Listening on port 3000...","timestamp":"2018-02-13T22:22:34.000Z"}
{"level":"info","message":"Connected to mongodb://localhost/vidly_tests...","timestamp":"2018-02-13T22:22:34.003Z"}
{"level":"info","message":"Listening on port 3000...","timestamp":"2018-02-13T22:28:51.373Z"}
{"level":"info","message":"Connected to mongodb://localhost/vidly_tests...","timestamp":"2018-02-13T22:28:51.378Z"}
{"level":"info","message":"Listening on port 3000...","timestamp":"2018-02-13T22:30:02.471Z"}
{"level":"info","message":"Connected to mongodb://localhost/vidly_tests...","timestamp":"2018-02-13T22:30:02.539Z"}
{"level":"info","message":"Listening on port 3000...","timestamp":"2018-02-13T22:31:10.953Z"}
{"level":"info","message":"Connected to mongodb://localhost/vidly_tests...","timestamp":"2018-02-13T22:31:11.014Z"}
{"level":"info","message":"Listening on port 3000...","timestamp":"2018-02-13T22:32:52.901Z"}
{"level":"info","message":"Connected to mongodb://localhost/vidly_tests...","timestamp":"2018-02-13T22:32:52.972Z"}
{"level":"info","message":"Listening on port 3000...","timestamp":"2018-02-13T22:38:34.984Z"}
{"level":"info","message":"Connected to mongodb://localhost/vidly_tests...","timestamp":"2018-02-13T22:38:34.989Z"}
{"message":"Cast to ObjectId failed for value \"1\" at path \"_id\" for model \"Genre\"","stack":"CastError: Cast to ObjectId failed for value \"1\" at path \"_id\" for model \"Genre\"\n    at new CastError (/Users/moshfeghhamedani/Desktop/node-course/vidly/node_modules/mongoose/lib/error/cast.js:27:11)\n    at ObjectId.Object.<anonymous>.ObjectId.cast (/Users/moshfeghhamedani/Desktop/node-course/vidly/node_modules/mongoose/lib/schema/objectid.js:158:13)\n    at ObjectId.Object.<anonymous>.SchemaType.applySetters (/Users/moshfeghhamedani/Desktop/node-course/vidly/node_modules/mongoose/lib/schematype.js:701:12)\n    at ObjectId.Object.<anonymous>.SchemaType._castForQuery (/Users/moshfeghhamedani/Desktop/node-course/vidly/node_modules/mongoose/lib/schematype.js:1072:15)\n    at ObjectId.Object.<anonymous>.ObjectId.castForQuery (/Users/moshfeghhamedani/Desktop/node-course/vidly/node_modules/mongoose/lib/schema/objectid.js:198:15)\n    at ObjectId.Object.<anonymous>.SchemaType.castForQueryWrapper (/Users/moshfeghhamedani/Desktop/node-course/vidly/node_modules/mongoose/lib/schematype.js:1041:15)\n    at cast (/Users/moshfeghhamedani/Desktop/node-course/vidly/node_modules/mongoose/lib/cast.js:269:32)\n    at model.Query.Object.<anonymous>.Query.cast (/Users/moshfeghhamedani/Desktop/node-course/vidly/node_modules/mongoose/lib/query.js:3133:12)\n    at model.Query.Object.<anonymous>.Query._castConditions (/Users/moshfeghhamedani/Desktop/node-course/vidly/node_modules/mongoose/lib/query.js:1269:10)\n    at model.Query.Object.<anonymous>.Query._findOne (/Users/moshfeghhamedani/Desktop/node-course/vidly/node_modules/mongoose/lib/query.js:1485:8)\n    at /Users/moshfeghhamedani/Desktop/node-course/vidly/node_modules/kareem/index.js:276:8\n    at /Users/moshfeghhamedani/Desktop/node-course/vidly/node_modules/kareem/index.js:23:7\n    at _combinedTickCallback (internal/process/next_tick.js:131:7)\n    at process._tickCallback (internal/process/next_tick.js:180:9)","name":"CastError","stringValue":"\"1\"","kind":"ObjectId","value":"1","path":"_id","level":"error","timestamp":"2018-02-13T22:38:35.007Z"}
{"level":"info","message":"Listening on port 3000...","timestamp":"2018-02-13T22:41:31.495Z"}
{"level":"info","message":"Connected to mongodb://localhost/vidly_tests...","timestamp":"2018-02-13T22:41:31.500Z"}
{"level":"error","timestamp":"2018-02-13T22:41:31.519Z"}
{"level":"info","message":"Listening on port 3000...","timestamp":"2018-02-13T22:42:08.746Z"}
{"level":"info","message":"Connected to mongodb://localhost/vidly_tests...","timestamp":"2018-02-13T22:42:08.811Z"}
{"level":"info","message":"Listening on port 3000...","timestamp":"2018-02-13T22:42:43.824Z"}
{"level":"info","message":"Connected to mongodb://localhost/vidly_tests...","timestamp":"2018-02-13T22:42:43.898Z"}
{"level":"info","message":"Listening on port 3000...","timestamp":"2018-02-13T22:48:49.381Z"}
{"level":"info","message":"Connected to mongodb://localhost/vidly_tests...","timestamp":"2018-02-13T22:48:49.388Z"}
{"level":"info","message":"Listening on port 3000...","timestamp":"2018-02-13T22:49:48.617Z"}
{"level":"info","message":"Connected to mongodb://localhost/vidly_tests...","timestamp":"2018-02-13T22:49:48.624Z"}
{"level":"info","message":"Listening on port 3000...","timestamp":"2018-02-13T22:50:06.896Z"}
{"level":"info","message":"Connected to mongodb://localhost/vidly_tests...","timestamp":"2018-02-13T22:50:06.900Z"}
{"message":"Cast to ObjectId failed for value \"1\" at path \"_id\" for model \"Genre\"","stack":"CastError: Cast to ObjectId failed for value \"1\" at path \"_id\" for model \"Genre\"\n    at new CastError (/Users/moshfeghhamedani/Desktop/node-course/vidly/node_modules/mongoose/lib/error/cast.js:27:11)\n    at ObjectId.Object.<anonymous>.ObjectId.cast (/Users/moshfeghhamedani/Desktop/node-course/vidly/node_modules/mongoose/lib/schema/objectid.js:158:13)\n    at ObjectId.Object.<anonymous>.SchemaType.applySetters (/Users/moshfeghhamedani/Desktop/node-course/vidly/node_modules/mongoose/lib/schematype.js:701:12)\n    at ObjectId.Object.<anonymous>.SchemaType._castForQuery (/Users/moshfeghhamedani/Desktop/node-course/vidly/node_modules/mongoose/lib/schematype.js:1072:15)\n    at ObjectId.Object.<anonymous>.ObjectId.castForQuery (/Users/moshfeghhamedani/Desktop/node-course/vidly/node_modules/mongoose/lib/schema/objectid.js:198:15)\n    at ObjectId.Object.<anonymous>.SchemaType.castForQueryWrapper (/Users/moshfeghhamedani/Desktop/node-course/vidly/node_modules/mongoose/lib/schematype.js:1041:15)\n    at cast (/Users/moshfeghhamedani/Desktop/node-course/vidly/node_modules/mongoose/lib/cast.js:269:32)\n    at model.Query.Object.<anonymous>.Query.cast (/Users/moshfeghhamedani/Desktop/node-course/vidly/node_modules/mongoose/lib/query.js:3133:12)\n    at model.Query.Object.<anonymous>.Query._castConditions (/Users/moshfeghhamedani/Desktop/node-course/vidly/node_modules/mongoose/lib/query.js:1269:10)\n    at model.Query.Object.<anonymous>.Query._findOne (/Users/moshfeghhamedani/Desktop/node-course/vidly/node_modules/mongoose/lib/query.js:1485:8)\n    at /Users/moshfeghhamedani/Desktop/node-course/vidly/node_modules/kareem/index.js:276:8\n    at /Users/moshfeghhamedani/Desktop/node-course/vidly/node_modules/kareem/index.js:23:7\n    at _combinedTickCallback (internal/process/next_tick.js:131:7)\n    at process._tickCallback (internal/process/next_tick.js:180:9)","name":"CastError","stringValue":"\"1\"","kind":"ObjectId","value":"1","path":"_id","level":"error","timestamp":"2018-02-13T22:50:07.017Z"}
{"level":"info","message":"Listening on port 3000...","timestamp":"2018-02-13T22:51:15.433Z"}
{"level":"info","message":"Connected to mongodb://localhost/vidly_tests...","timestamp":"2018-02-13T22:51:15.439Z"}
{"level":"info","message":"Listening on port 3000...","timestamp":"2018-02-14T17:22:20.952Z"}
{"level":"info","message":"Connected to mongodb://localhost/vidly_tests...","timestamp":"2018-02-14T17:22:21.029Z"}
{"level":"info","message":"Listening on port 3000...","timestamp":"2018-02-14T17:28:10.502Z"}
{"level":"info","message":"Connected to mongodb://localhost/vidly_tests...","timestamp":"2018-02-14T17:28:10.583Z"}
{"level":"info","message":"Listening on port 3000...","timestamp":"2018-02-14T17:31:03.528Z"}
{"level":"info","message":"Connected to mongodb://localhost/vidly_tests...","timestamp":"2018-02-14T17:31:03.591Z"}
{"message":"Genre validation failed: name: Path `name` (`1234`) is shorter than the minimum allowed length (5).","errors":{"name":{"message":"Path `name` (`1234`) is shorter than the minimum allowed length (5).","name":"ValidatorError","properties":{"message":"Path `{PATH}` (`{VALUE}`) is shorter than the minimum allowed length (5).","type":"minlength","minlength":5,"path":"name","value":"1234"},"kind":"minlength","path":"name","value":"1234","$isValidatorError":true}},"_message":"Genre validation failed","stack":"ValidationError: name: Path `name` (`1234`) is shorter than the minimum allowed length (5).\n    at new ValidationError (/Users/moshfeghhamedani/Desktop/node-course/vidly/node_modules/mongoose/lib/error/validation.js:27:11)\n    at model.Object.<anonymous>.Document.invalidate (/Users/moshfeghhamedani/Desktop/node-course/vidly/node_modules/mongoose/lib/document.js:1656:32)\n    at /Users/moshfeghhamedani/Desktop/node-course/vidly/node_modules/mongoose/lib/document.js:1528:17\n    at Immediate._onImmediate (/Users/moshfeghhamedani/Desktop/node-course/vidly/node_modules/mongoose/lib/schematype.js:785:9)\n    at runCallback (timers.js:789:20)\n    at tryOnImmediate (timers.js:751:5)\n    at processImmediate [as _immediateCallback] (timers.js:722:5)","name":"ValidationError","level":"error","timestamp":"2018-02-14T17:31:03.618Z"}
{"level":"info","message":"Listening on port 3000...","timestamp":"2018-02-14T17:33:25.843Z"}
{"level":"info","message":"Connected to mongodb://localhost/vidly_tests...","timestamp":"2018-02-14T17:33:25.905Z"}
{"level":"info","message":"Listening on port 3000...","timestamp":"2018-02-14T17:38:31.430Z"}
{"level":"info","message":"Connected to mongodb://localhost/vidly_tests...","timestamp":"2018-02-14T17:38:31.487Z"}
{"level":"info","message":"Listening on port 3000...","timestamp":"2018-02-14T17:42:06.227Z"}
{"level":"info","message":"Connected to mongodb://localhost/vidly_tests...","timestamp":"2018-02-14T17:42:06.294Z"}
{"message":"Genre validation failed: name: Path `name` (`aaaaaaaaaaaaaaaaaaaaaaaaaaaaaaaaaaaaaaaaaaaaaaaaaaa`) is longer than the maximum allowed length (50).","errors":{"name":{"message":"Path `name` (`aaaaaaaaaaaaaaaaaaaaaaaaaaaaaaaaaaaaaaaaaaaaaaaaaaa`) is longer than the maximum allowed length (50).","name":"ValidatorError","properties":{"message":"Path `{PATH}` (`{VALUE}`) is longer than the maximum allowed length (50).","type":"maxlength","maxlength":50,"path":"name","value":"aaaaaaaaaaaaaaaaaaaaaaaaaaaaaaaaaaaaaaaaaaaaaaaaaaa"},"kind":"maxlength","path":"name","value":"aaaaaaaaaaaaaaaaaaaaaaaaaaaaaaaaaaaaaaaaaaaaaaaaaaa","$isValidatorError":true}},"_message":"Genre validation failed","stack":"ValidationError: name: Path `name` (`aaaaaaaaaaaaaaaaaaaaaaaaaaaaaaaaaaaaaaaaaaaaaaaaaaa`) is longer than the maximum allowed length (50).\n    at new ValidationError (/Users/moshfeghhamedani/Desktop/node-course/vidly/node_modules/mongoose/lib/error/validation.js:27:11)\n    at model.Object.<anonymous>.Document.invalidate (/Users/moshfeghhamedani/Desktop/node-course/vidly/node_modules/mongoose/lib/document.js:1656:32)\n    at /Users/moshfeghhamedani/Desktop/node-course/vidly/node_modules/mongoose/lib/document.js:1528:17\n    at Immediate._onImmediate (/Users/moshfeghhamedani/Desktop/node-course/vidly/node_modules/mongoose/lib/schematype.js:785:9)\n    at runCallback (timers.js:789:20)\n    at tryOnImmediate (timers.js:751:5)\n    at processImmediate [as _immediateCallback] (timers.js:722:5)","name":"ValidationError","level":"error","timestamp":"2018-02-14T17:42:06.358Z"}
{"level":"info","message":"Listening on port 3000...","timestamp":"2018-02-14T17:42:53.311Z"}
{"level":"info","message":"Connected to mongodb://localhost/vidly_tests...","timestamp":"2018-02-14T17:42:53.316Z"}
{"level":"info","message":"Listening on port 3000...","timestamp":"2018-02-14T17:45:14.385Z"}
{"level":"info","message":"Connected to mongodb://localhost/vidly_tests...","timestamp":"2018-02-14T17:45:14.390Z"}
{"level":"info","message":"Listening on port 3000...","timestamp":"2018-02-14T17:46:33.000Z"}
{"level":"info","message":"Connected to mongodb://localhost/vidly_tests...","timestamp":"2018-02-14T17:46:33.005Z"}
{"level":"info","message":"Listening on port 3000...","timestamp":"2018-02-14T18:00:20.704Z"}
{"level":"info","message":"Connected to mongodb://localhost/vidly_tests...","timestamp":"2018-02-14T18:00:20.708Z"}
{"level":"info","message":"Listening on port 3000...","timestamp":"2018-02-14T18:05:29.238Z"}
{"level":"info","message":"Connected to mongodb://localhost/vidly_tests...","timestamp":"2018-02-14T18:05:29.245Z"}
{"level":"info","message":"Listening on port 3000...","timestamp":"2018-02-14T18:12:37.370Z"}
{"level":"info","message":"Connected to mongodb://localhost/vidly_tests...","timestamp":"2018-02-14T18:12:37.422Z"}
{"level":"info","message":"Listening on port 3000...","timestamp":"2018-02-14T18:33:38.432Z"}
{"level":"info","message":"Connected to mongodb://localhost/vidly_tests...","timestamp":"2018-02-14T18:33:38.435Z"}
{"level":"info","message":"Listening on port 3000...","timestamp":"2018-02-14T18:38:42.257Z"}
{"level":"info","message":"Connected to mongodb://localhost/vidly_tests...","timestamp":"2018-02-14T18:38:42.262Z"}
{"level":"info","message":"Listening on port 3000...","timestamp":"2018-02-14T18:40:30.650Z"}
{"level":"info","message":"Connected to mongodb://localhost/vidly_tests...","timestamp":"2018-02-14T18:40:30.719Z"}
{"level":"info","message":"Connected to mongodb://localhost/vidly_tests...","timestamp":"2018-02-14T18:40:31.020Z"}
{"level":"info","message":"Listening on port 3000...","timestamp":"2018-02-14T18:44:44.788Z"}
{"level":"info","message":"Connected to mongodb://localhost/vidly_tests...","timestamp":"2018-02-14T18:44:44.856Z"}
{"level":"info","message":"Listening on port 3000...","timestamp":"2018-02-14T18:44:57.875Z"}
{"level":"info","message":"Connected to mongodb://localhost/vidly_tests...","timestamp":"2018-02-14T18:44:57.949Z"}
{"level":"info","message":"Listening on port 3000...","timestamp":"2018-02-14T18:44:58.243Z"}
{"level":"info","message":"Connected to mongodb://localhost/vidly_tests...","timestamp":"2018-02-14T18:44:58.326Z"}
{"level":"info","message":"Listening on port 3000...","timestamp":"2018-02-14T18:45:17.580Z"}
{"level":"info","message":"Connected to mongodb://localhost/vidly_tests...","timestamp":"2018-02-14T18:45:17.667Z"}
{"level":"info","message":"Listening on port 3000...","timestamp":"2018-02-14T18:45:17.876Z"}
{"level":"info","message":"Connected to mongodb://localhost/vidly_tests...","timestamp":"2018-02-14T18:45:18.077Z"}
{"level":"info","message":"Listening on port 3000...","timestamp":"2018-02-14T18:46:24.885Z"}
{"level":"info","message":"Listening on port 3000...","timestamp":"2018-02-14T18:46:25.022Z"}
{"level":"info","message":"Connected to mongodb://localhost/vidly_tests...","timestamp":"2018-02-14T18:46:25.026Z"}
{"level":"info","message":"Connected to mongodb://localhost/vidly_tests...","timestamp":"2018-02-14T18:46:25.029Z"}
{"level":"info","message":"Listening on port 3000...","timestamp":"2018-02-14T18:47:10.061Z"}
{"level":"info","message":"Connected to mongodb://localhost/vidly_tests...","timestamp":"2018-02-14T18:47:10.071Z"}
{"level":"info","message":"Listening on port 3000...","timestamp":"2018-02-14T18:47:10.216Z"}
{"level":"info","message":"Connected to mongodb://localhost/vidly_tests...","timestamp":"2018-02-14T18:47:10.220Z"}
{"level":"info","message":"Listening on port 3000...","timestamp":"2018-02-14T18:47:52.517Z"}
{"level":"info","message":"Connected to mongodb://localhost/vidly_tests...","timestamp":"2018-02-14T18:47:52.637Z"}
{"level":"info","message":"Listening on port 3000...","timestamp":"2018-02-14T18:47:52.776Z"}
{"level":"info","message":"Connected to mongodb://localhost/vidly_tests...","timestamp":"2018-02-14T18:47:52.780Z"}
{"level":"info","message":"Listening on port 3000...","timestamp":"2018-02-14T18:49:21.585Z"}
{"level":"info","message":"Connected to mongodb://localhost/vidly_tests...","timestamp":"2018-02-14T18:49:21.590Z"}
{"level":"info","message":"Listening on port 3000...","timestamp":"2018-02-14T18:49:21.814Z"}
{"level":"info","message":"Connected to mongodb://localhost/vidly_tests...","timestamp":"2018-02-14T18:49:21.821Z"}
{"level":"info","message":"Listening on port 3000...","timestamp":"2018-02-14T18:57:41.031Z"}
{"level":"info","message":"Connected to mongodb://localhost/vidly_tests...","timestamp":"2018-02-14T18:57:41.036Z"}
{"level":"info","message":"Listening on port 3000...","timestamp":"2018-02-14T18:57:41.196Z"}
{"level":"info","message":"Connected to mongodb://localhost/vidly_tests...","timestamp":"2018-02-14T18:57:41.202Z"}
{"level":"info","message":"Listening on port 3000...","timestamp":"2018-02-14T19:02:21.299Z"}
{"level":"info","message":"Connected to mongodb://localhost/vidly_tests...","timestamp":"2018-02-14T19:02:21.303Z"}
{"level":"info","message":"Listening on port 3000...","timestamp":"2018-02-14T19:02:21.518Z"}
{"level":"info","message":"Connected to mongodb://localhost/vidly_tests...","timestamp":"2018-02-14T19:02:21.524Z"}
{"level":"info","message":"Listening on port 3000...","timestamp":"2018-02-14T19:04:09.454Z"}
{"level":"info","message":"Connected to mongodb://localhost/vidly_tests...","timestamp":"2018-02-14T19:04:09.459Z"}
{"level":"info","message":"Listening on port 3000...","timestamp":"2018-02-14T19:04:09.622Z"}
{"level":"info","message":"Connected to mongodb://localhost/vidly_tests...","timestamp":"2018-02-14T19:04:09.628Z"}
{"level":"info","message":"Listening on port 3000...","timestamp":"2018-02-14T19:05:09.631Z"}
{"level":"info","message":"Connected to mongodb://localhost/vidly_tests...","timestamp":"2018-02-14T19:05:09.637Z"}
{"level":"info","message":"Listening on port 3000...","timestamp":"2018-02-14T19:05:09.801Z"}
{"level":"info","message":"Connected to mongodb://localhost/vidly_tests...","timestamp":"2018-02-14T19:05:09.886Z"}
{"level":"info","message":"Listening on port 3000...","timestamp":"2018-02-14T19:18:37.168Z"}
{"level":"info","message":"Connected to mongodb://localhost/vidly_tests...","timestamp":"2018-02-14T19:18:37.196Z"}
{"level":"info","message":"Listening on port 3000...","timestamp":"2018-02-14T19:18:37.446Z"}
{"level":"info","message":"Connected to mongodb://localhost/vidly_tests...","timestamp":"2018-02-14T19:18:37.501Z"}
{"level":"info","message":"Listening on port 3000...","timestamp":"2018-02-14T19:20:25.615Z"}
{"level":"info","message":"Connected to mongodb://localhost/vidly_tests...","timestamp":"2018-02-14T19:20:25.620Z"}
{"level":"info","message":"Listening on port 3000...","timestamp":"2018-02-14T19:20:25.916Z"}
{"level":"info","message":"Connected to mongodb://localhost/vidly_tests...","timestamp":"2018-02-14T19:20:25.945Z"}
{"level":"info","message":"Listening on port 3000...","timestamp":"2018-02-14T19:20:35.983Z"}
{"level":"info","message":"Connected to mongodb://localhost/vidly_tests...","timestamp":"2018-02-14T19:20:36.012Z"}
{"level":"info","message":"Listening on port 3000...","timestamp":"2018-02-14T19:20:36.279Z"}
{"level":"info","message":"Connected to mongodb://localhost/vidly_tests...","timestamp":"2018-02-14T19:20:36.335Z"}
{"level":"info","message":"Listening on port 3000...","timestamp":"2018-02-14T19:36:04.887Z"}
{"level":"info","message":"Connected to mongodb://localhost/vidly_tests...","timestamp":"2018-02-14T19:36:04.892Z"}
{"level":"info","message":"Listening on port 3000...","timestamp":"2018-02-14T19:36:05.094Z"}
{"level":"info","message":"Connected to mongodb://localhost/vidly_tests...","timestamp":"2018-02-14T19:36:05.147Z"}
{"level":"info","message":"Listening on port 3000...","timestamp":"2018-02-14T19:48:34.498Z"}
{"level":"info","message":"Connected to mongodb://localhost/vidly_tests...","timestamp":"2018-02-14T19:48:34.503Z"}
{"level":"info","message":"Listening on port 3000...","timestamp":"2018-02-14T19:48:34.702Z"}
{"level":"info","message":"Connected to mongodb://localhost/vidly_tests...","timestamp":"2018-02-14T19:48:34.767Z"}
{"level":"info","message":"Listening on port 3000...","timestamp":"2018-02-14T19:49:57.931Z"}
{"level":"info","message":"Connected to mongodb://localhost/vidly_tests...","timestamp":"2018-02-14T19:49:57.936Z"}
{"level":"info","message":"Listening on port 3000...","timestamp":"2018-02-14T19:49:58.154Z"}
{"level":"info","message":"Connected to mongodb://localhost/vidly_tests...","timestamp":"2018-02-14T19:49:58.220Z"}
{"level":"info","message":"Listening on port 3000...","timestamp":"2018-02-14T19:50:06.267Z"}
{"level":"info","message":"Connected to mongodb://localhost/vidly_tests...","timestamp":"2018-02-14T19:50:06.272Z"}
{"level":"info","message":"Listening on port 3000...","timestamp":"2018-02-14T19:50:06.468Z"}
{"level":"info","message":"Connected to mongodb://localhost/vidly_tests...","timestamp":"2018-02-14T19:50:06.475Z"}
{"level":"info","message":"Listening on port 3000...","timestamp":"2018-02-14T19:50:13.734Z"}
{"level":"info","message":"Connected to mongodb://localhost/vidly_tests...","timestamp":"2018-02-14T19:50:13.739Z"}
{"level":"info","message":"Listening on port 3000...","timestamp":"2018-02-14T19:50:13.952Z"}
{"level":"info","message":"Connected to mongodb://localhost/vidly_tests...","timestamp":"2018-02-14T19:50:13.958Z"}
{"level":"info","message":"Listening on port 3000...","timestamp":"2018-02-14T19:51:17.730Z"}
{"level":"info","message":"Connected to mongodb://localhost/vidly_tests...","timestamp":"2018-02-14T19:51:17.735Z"}
{"level":"info","message":"Listening on port 3000...","timestamp":"2018-02-14T19:51:17.943Z"}
{"level":"info","message":"Connected to mongodb://localhost/vidly_tests...","timestamp":"2018-02-14T19:51:17.949Z"}
{"level":"info","message":"Listening on port 3000...","timestamp":"2018-02-14T19:51:37.064Z"}
{"level":"info","message":"Connected to mongodb://localhost/vidly_tests...","timestamp":"2018-02-14T19:51:37.069Z"}
{"level":"info","message":"Listening on port 3000...","timestamp":"2018-02-14T19:51:37.273Z"}
{"level":"info","message":"Connected to mongodb://localhost/vidly_tests...","timestamp":"2018-02-14T19:51:37.279Z"}
{"level":"info","message":"Listening on port 3000...","timestamp":"2018-02-14T19:52:11.237Z"}
{"level":"info","message":"Connected to mongodb://localhost/vidly_tests...","timestamp":"2018-02-14T19:52:11.241Z"}
{"level":"info","message":"Listening on port 3000...","timestamp":"2018-02-14T19:52:11.450Z"}
{"level":"info","message":"Connected to mongodb://localhost/vidly_tests...","timestamp":"2018-02-14T19:52:11.457Z"}
{"level":"info","message":"Listening on port 3000...","timestamp":"2018-02-14T19:52:20.439Z"}
{"level":"info","message":"Connected to mongodb://localhost/vidly_tests...","timestamp":"2018-02-14T19:52:20.443Z"}
{"level":"info","message":"Listening on port 3000...","timestamp":"2018-02-14T19:52:20.782Z"}
{"level":"info","message":"Connected to mongodb://localhost/vidly_tests...","timestamp":"2018-02-14T19:52:20.799Z"}
{"level":"info","message":"Listening on port 3000...","timestamp":"2018-02-14T19:52:26.093Z"}
{"level":"info","message":"Connected to mongodb://localhost/vidly_tests...","timestamp":"2018-02-14T19:52:26.117Z"}
{"level":"info","message":"Listening on port 3000...","timestamp":"2018-02-14T19:52:26.344Z"}
{"level":"info","message":"Connected to mongodb://localhost/vidly_tests...","timestamp":"2018-02-14T19:52:26.392Z"}
{"level":"info","message":"Listening on port 3000...","timestamp":"2018-02-14T19:52:55.450Z"}
{"level":"info","message":"Connected to mongodb://localhost/vidly_tests...","timestamp":"2018-02-14T19:52:55.455Z"}
{"level":"info","message":"Listening on port 3000...","timestamp":"2018-02-14T19:52:55.677Z"}
{"level":"info","message":"Connected to mongodb://localhost/vidly_tests...","timestamp":"2018-02-14T19:52:55.743Z"}
{"level":"info","message":"Listening on port 3000...","timestamp":"2018-02-14T19:55:35.033Z"}
{"level":"info","message":"Connected to mongodb://localhost/vidly_tests...","timestamp":"2018-02-14T19:55:35.037Z"}
{"level":"info","message":"Listening on port 3000...","timestamp":"2018-02-14T19:55:35.285Z"}
{"level":"info","message":"Connected to mongodb://localhost/vidly_tests...","timestamp":"2018-02-14T19:55:35.362Z"}
{"level":"info","message":"Listening on port 3000...","timestamp":"2018-02-14T19:56:00.677Z"}
{"level":"info","message":"Connected to mongodb://localhost/vidly_tests...","timestamp":"2018-02-14T19:56:00.756Z"}
{"message":"Cast to ObjectId failed for value \"1\" at path \"_id\" for model \"Genre\"","stack":"CastError: Cast to ObjectId failed for value \"1\" at path \"_id\" for model \"Genre\"\n    at new CastError (/Users/moshfeghhamedani/Desktop/node-course/vidly/node_modules/mongoose/lib/error/cast.js:27:11)\n    at ObjectId.Object.<anonymous>.ObjectId.cast (/Users/moshfeghhamedani/Desktop/node-course/vidly/node_modules/mongoose/lib/schema/objectid.js:158:13)\n    at ObjectId.Object.<anonymous>.SchemaType.applySetters (/Users/moshfeghhamedani/Desktop/node-course/vidly/node_modules/mongoose/lib/schematype.js:701:12)\n    at ObjectId.Object.<anonymous>.SchemaType._castForQuery (/Users/moshfeghhamedani/Desktop/node-course/vidly/node_modules/mongoose/lib/schematype.js:1072:15)\n    at ObjectId.Object.<anonymous>.ObjectId.castForQuery (/Users/moshfeghhamedani/Desktop/node-course/vidly/node_modules/mongoose/lib/schema/objectid.js:198:15)\n    at ObjectId.Object.<anonymous>.SchemaType.castForQueryWrapper (/Users/moshfeghhamedani/Desktop/node-course/vidly/node_modules/mongoose/lib/schematype.js:1041:15)\n    at cast (/Users/moshfeghhamedani/Desktop/node-course/vidly/node_modules/mongoose/lib/cast.js:269:32)\n    at model.Query.Object.<anonymous>.Query.cast (/Users/moshfeghhamedani/Desktop/node-course/vidly/node_modules/mongoose/lib/query.js:3133:12)\n    at model.Query.Object.<anonymous>.Query._castConditions (/Users/moshfeghhamedani/Desktop/node-course/vidly/node_modules/mongoose/lib/query.js:1269:10)\n    at model.Query.Object.<anonymous>.Query._findOneAndRemove (/Users/moshfeghhamedani/Desktop/node-course/vidly/node_modules/mongoose/lib/query.js:2241:8)\n    at /Users/moshfeghhamedani/Desktop/node-course/vidly/node_modules/kareem/index.js:276:8\n    at /Users/moshfeghhamedani/Desktop/node-course/vidly/node_modules/kareem/index.js:23:7\n    at _combinedTickCallback (internal/process/next_tick.js:131:7)\n    at process._tickCallback (internal/process/next_tick.js:180:9)","name":"CastError","stringValue":"\"1\"","kind":"ObjectId","value":"1","path":"_id","level":"error","timestamp":"2018-02-14T19:56:00.816Z"}
{"level":"info","message":"Listening on port 3000...","timestamp":"2018-02-14T19:56:00.973Z"}
{"level":"info","message":"Connected to mongodb://localhost/vidly_tests...","timestamp":"2018-02-14T19:56:00.979Z"}
{"level":"info","message":"Listening on port 3000...","timestamp":"2018-02-14T19:56:31.752Z"}
{"level":"info","message":"Connected to mongodb://localhost/vidly_tests...","timestamp":"2018-02-14T19:56:31.756Z"}
{"message":"Cast to ObjectId failed for value \"1\" at path \"_id\" for model \"Genre\"","stack":"CastError: Cast to ObjectId failed for value \"1\" at path \"_id\" for model \"Genre\"\n    at new CastError (/Users/moshfeghhamedani/Desktop/node-course/vidly/node_modules/mongoose/lib/error/cast.js:27:11)\n    at ObjectId.Object.<anonymous>.ObjectId.cast (/Users/moshfeghhamedani/Desktop/node-course/vidly/node_modules/mongoose/lib/schema/objectid.js:158:13)\n    at ObjectId.Object.<anonymous>.SchemaType.applySetters (/Users/moshfeghhamedani/Desktop/node-course/vidly/node_modules/mongoose/lib/schematype.js:701:12)\n    at ObjectId.Object.<anonymous>.SchemaType._castForQuery (/Users/moshfeghhamedani/Desktop/node-course/vidly/node_modules/mongoose/lib/schematype.js:1072:15)\n    at ObjectId.Object.<anonymous>.ObjectId.castForQuery (/Users/moshfeghhamedani/Desktop/node-course/vidly/node_modules/mongoose/lib/schema/objectid.js:198:15)\n    at ObjectId.Object.<anonymous>.SchemaType.castForQueryWrapper (/Users/moshfeghhamedani/Desktop/node-course/vidly/node_modules/mongoose/lib/schematype.js:1041:15)\n    at cast (/Users/moshfeghhamedani/Desktop/node-course/vidly/node_modules/mongoose/lib/cast.js:269:32)\n    at model.Query.Object.<anonymous>.Query.cast (/Users/moshfeghhamedani/Desktop/node-course/vidly/node_modules/mongoose/lib/query.js:3133:12)\n    at model.Query.Object.<anonymous>.Query._castConditions (/Users/moshfeghhamedani/Desktop/node-course/vidly/node_modules/mongoose/lib/query.js:1269:10)\n    at model.Query.Object.<anonymous>.Query._findOneAndRemove (/Users/moshfeghhamedani/Desktop/node-course/vidly/node_modules/mongoose/lib/query.js:2241:8)\n    at /Users/moshfeghhamedani/Desktop/node-course/vidly/node_modules/kareem/index.js:276:8\n    at /Users/moshfeghhamedani/Desktop/node-course/vidly/node_modules/kareem/index.js:23:7\n    at _combinedTickCallback (internal/process/next_tick.js:131:7)\n    at process._tickCallback (internal/process/next_tick.js:180:9)","name":"CastError","stringValue":"\"1\"","kind":"ObjectId","value":"1","path":"_id","level":"error","timestamp":"2018-02-14T19:56:31.816Z"}
{"level":"info","message":"Listening on port 3000...","timestamp":"2018-02-14T19:56:31.976Z"}
{"level":"info","message":"Connected to mongodb://localhost/vidly_tests...","timestamp":"2018-02-14T19:56:31.983Z"}
{"level":"info","message":"Listening on port 3000...","timestamp":"2018-02-14T19:56:46.385Z"}
{"level":"info","message":"Connected to mongodb://localhost/vidly_tests...","timestamp":"2018-02-14T19:56:46.488Z"}
{"message":"Cast to ObjectId failed for value \"1\" at path \"_id\" for model \"Genre\"","stack":"CastError: Cast to ObjectId failed for value \"1\" at path \"_id\" for model \"Genre\"\n    at new CastError (/Users/moshfeghhamedani/Desktop/node-course/vidly/node_modules/mongoose/lib/error/cast.js:27:11)\n    at ObjectId.Object.<anonymous>.ObjectId.cast (/Users/moshfeghhamedani/Desktop/node-course/vidly/node_modules/mongoose/lib/schema/objectid.js:158:13)\n    at ObjectId.Object.<anonymous>.SchemaType.applySetters (/Users/moshfeghhamedani/Desktop/node-course/vidly/node_modules/mongoose/lib/schematype.js:701:12)\n    at ObjectId.Object.<anonymous>.SchemaType._castForQuery (/Users/moshfeghhamedani/Desktop/node-course/vidly/node_modules/mongoose/lib/schematype.js:1072:15)\n    at ObjectId.Object.<anonymous>.ObjectId.castForQuery (/Users/moshfeghhamedani/Desktop/node-course/vidly/node_modules/mongoose/lib/schema/objectid.js:198:15)\n    at ObjectId.Object.<anonymous>.SchemaType.castForQueryWrapper (/Users/moshfeghhamedani/Desktop/node-course/vidly/node_modules/mongoose/lib/schematype.js:1041:15)\n    at cast (/Users/moshfeghhamedani/Desktop/node-course/vidly/node_modules/mongoose/lib/cast.js:269:32)\n    at model.Query.Object.<anonymous>.Query.cast (/Users/moshfeghhamedani/Desktop/node-course/vidly/node_modules/mongoose/lib/query.js:3133:12)\n    at model.Query.Object.<anonymous>.Query._castConditions (/Users/moshfeghhamedani/Desktop/node-course/vidly/node_modules/mongoose/lib/query.js:1269:10)\n    at model.Query.Object.<anonymous>.Query._findOneAndRemove (/Users/moshfeghhamedani/Desktop/node-course/vidly/node_modules/mongoose/lib/query.js:2241:8)\n    at /Users/moshfeghhamedani/Desktop/node-course/vidly/node_modules/kareem/index.js:276:8\n    at /Users/moshfeghhamedani/Desktop/node-course/vidly/node_modules/kareem/index.js:23:7\n    at _combinedTickCallback (internal/process/next_tick.js:131:7)\n    at process._tickCallback (internal/process/next_tick.js:180:9)","name":"CastError","stringValue":"\"1\"","kind":"ObjectId","value":"1","path":"_id","level":"error","timestamp":"2018-02-14T19:56:46.548Z"}
{"level":"info","message":"Listening on port 3000...","timestamp":"2018-02-14T19:56:46.692Z"}
{"level":"info","message":"Connected to mongodb://localhost/vidly_tests...","timestamp":"2018-02-14T19:56:46.698Z"}
{"level":"info","message":"Listening on port 3000...","timestamp":"2018-02-14T19:57:31.717Z"}
{"level":"info","message":"Connected to mongodb://localhost/vidly_tests...","timestamp":"2018-02-14T19:57:31.722Z"}
{"level":"info","message":"Listening on port 3000...","timestamp":"2018-02-14T19:57:31.931Z"}
{"level":"info","message":"Connected to mongodb://localhost/vidly_tests...","timestamp":"2018-02-14T19:57:31.938Z"}
{"level":"info","message":"Listening on port 3000...","timestamp":"2018-02-14T19:58:20.530Z"}
{"level":"info","message":"Connected to mongodb://localhost/vidly_tests...","timestamp":"2018-02-14T19:58:20.534Z"}
{"level":"info","message":"Listening on port 3000...","timestamp":"2018-02-14T19:58:20.747Z"}
{"level":"info","message":"Connected to mongodb://localhost/vidly_tests...","timestamp":"2018-02-14T19:58:20.753Z"}
{"level":"info","message":"Listening on port 3000...","timestamp":"2018-02-14T19:58:27.180Z"}
{"level":"info","message":"Connected to mongodb://localhost/vidly_tests...","timestamp":"2018-02-14T19:58:27.184Z"}
{"level":"info","message":"Listening on port 3000...","timestamp":"2018-02-14T19:58:27.537Z"}
{"level":"info","message":"Connected to mongodb://localhost/vidly_tests...","timestamp":"2018-02-14T19:58:27.549Z"}
{"level":"info","message":"Listening on port 3000...","timestamp":"2018-02-14T19:58:39.049Z"}
{"level":"info","message":"Connected to mongodb://localhost/vidly_tests...","timestamp":"2018-02-14T19:58:39.054Z"}
{"level":"info","message":"Listening on port 3000...","timestamp":"2018-02-14T19:58:39.250Z"}
{"level":"info","message":"Connected to mongodb://localhost/vidly_tests...","timestamp":"2018-02-14T19:58:39.419Z"}
{"level":"info","message":"Listening on port 3000...","timestamp":"2018-02-14T19:59:07.432Z"}
{"level":"info","message":"Connected to mongodb://localhost/vidly_tests...","timestamp":"2018-02-14T19:59:07.470Z"}
{"level":"info","message":"Listening on port 3000...","timestamp":"2018-02-14T19:59:07.660Z"}
{"level":"info","message":"Connected to mongodb://localhost/vidly_tests...","timestamp":"2018-02-14T19:59:07.713Z"}
{"level":"info","message":"Listening on port 3000...","timestamp":"2018-02-14T20:01:10.699Z"}
{"level":"info","message":"Connected to mongodb://localhost/vidly_tests...","timestamp":"2018-02-14T20:01:10.732Z"}
{"level":"info","message":"Listening on port 3000...","timestamp":"2018-02-14T20:01:11.091Z"}
{"level":"info","message":"Connected to mongodb://localhost/vidly_tests...","timestamp":"2018-02-14T20:01:11.139Z"}
{"message":"Cast to ObjectId failed for value \"1\" at path \"_id\" for model \"Genre\"","stack":"CastError: Cast to ObjectId failed for value \"1\" at path \"_id\" for model \"Genre\"\n    at new CastError (/Users/moshfeghhamedani/Desktop/node-course/vidly/node_modules/mongoose/lib/error/cast.js:27:11)\n    at ObjectId.Object.<anonymous>.ObjectId.cast (/Users/moshfeghhamedani/Desktop/node-course/vidly/node_modules/mongoose/lib/schema/objectid.js:158:13)\n    at ObjectId.Object.<anonymous>.SchemaType.applySetters (/Users/moshfeghhamedani/Desktop/node-course/vidly/node_modules/mongoose/lib/schematype.js:701:12)\n    at ObjectId.Object.<anonymous>.SchemaType._castForQuery (/Users/moshfeghhamedani/Desktop/node-course/vidly/node_modules/mongoose/lib/schematype.js:1072:15)\n    at ObjectId.Object.<anonymous>.ObjectId.castForQuery (/Users/moshfeghhamedani/Desktop/node-course/vidly/node_modules/mongoose/lib/schema/objectid.js:198:15)\n    at ObjectId.Object.<anonymous>.SchemaType.castForQueryWrapper (/Users/moshfeghhamedani/Desktop/node-course/vidly/node_modules/mongoose/lib/schematype.js:1041:15)\n    at cast (/Users/moshfeghhamedani/Desktop/node-course/vidly/node_modules/mongoose/lib/cast.js:269:32)\n    at model.Query.Object.<anonymous>.Query.cast (/Users/moshfeghhamedani/Desktop/node-course/vidly/node_modules/mongoose/lib/query.js:3133:12)\n    at model.Query.Object.<anonymous>.Query._castConditions (/Users/moshfeghhamedani/Desktop/node-course/vidly/node_modules/mongoose/lib/query.js:1269:10)\n    at model.Query.Object.<anonymous>.Query._findOneAndUpdate (/Users/moshfeghhamedani/Desktop/node-course/vidly/node_modules/mongoose/lib/query.js:2146:8)\n    at /Users/moshfeghhamedani/Desktop/node-course/vidly/node_modules/kareem/index.js:276:8\n    at /Users/moshfeghhamedani/Desktop/node-course/vidly/node_modules/kareem/index.js:23:7\n    at _combinedTickCallback (internal/process/next_tick.js:131:7)\n    at process._tickCallback (internal/process/next_tick.js:180:9)","name":"CastError","stringValue":"\"1\"","kind":"ObjectId","value":"1","path":"_id","level":"error","timestamp":"2018-02-14T20:01:11.190Z"}
{"level":"info","message":"Listening on port 3000...","timestamp":"2018-02-14T20:01:26.742Z"}
{"level":"info","message":"Connected to mongodb://localhost/vidly_tests...","timestamp":"2018-02-14T20:01:26.747Z"}
{"level":"info","message":"Listening on port 3000...","timestamp":"2018-02-14T20:01:26.956Z"}
{"level":"info","message":"Connected to mongodb://localhost/vidly_tests...","timestamp":"2018-02-14T20:01:27.027Z"}
{"level":"info","message":"Listening on port 3000...","timestamp":"2018-02-14T20:02:04.272Z"}
{"level":"info","message":"Connected to mongodb://localhost/vidly_tests...","timestamp":"2018-02-14T20:02:04.299Z"}
{"level":"info","message":"Listening on port 3000...","timestamp":"2018-02-14T20:02:04.579Z"}
{"level":"info","message":"Connected to mongodb://localhost/vidly_tests...","timestamp":"2018-02-14T20:02:04.630Z"}
{"level":"info","message":"Listening on port 3000...","timestamp":"2020-02-15T20:08:44.730Z"}
{"level":"info","message":"Listening on port 3000...","timestamp":"2020-02-15T20:08:44.719Z"}
{"level":"info","message":"Connected to mongodb://localhost/vidly_tests...","timestamp":"2020-02-15T20:08:46.792Z"}
{"level":"info","message":"Connected to mongodb://localhost/vidly_tests...","timestamp":"2020-02-15T20:08:46.807Z"}
{"level":"info","message":"Listening on port 3000...","timestamp":"2020-02-17T03:48:56.011Z"}
{"level":"info","message":"Listening on port 3000...","timestamp":"2020-02-17T03:48:55.992Z"}
{"level":"info","message":"Connected to mongodb://localhost/vidly_tests...","timestamp":"2020-02-17T03:48:58.294Z"}
{"level":"info","message":"Connected to mongodb://localhost/vidly_tests...","timestamp":"2020-02-17T03:48:58.416Z"}
{"level":"info","message":"Listening on port 3000...","timestamp":"2020-02-17T03:49:26.079Z"}
{"level":"info","message":"Listening on port 3000...","timestamp":"2020-02-17T03:49:26.039Z"}
{"level":"info","message":"Connected to mongodb://localhost/vidly_tests...","timestamp":"2020-02-17T03:49:28.546Z"}
{"level":"info","message":"Connected to mongodb://localhost/vidly_tests...","timestamp":"2020-02-17T03:49:28.550Z"}
{"level":"info","message":"Listening on port 3000...","timestamp":"2020-02-17T03:49:37.629Z"}
{"level":"info","message":"Connected to mongodb://localhost/vidly_tests...","timestamp":"2020-02-17T03:49:39.895Z"}
{"level":"info","message":"Listening on port 3000...","timestamp":"2020-02-17T17:42:55.497Z"}
{"level":"info","message":"Listening on port 3000...","timestamp":"2020-02-17T17:42:55.511Z"}
{"level":"info","message":"Connected to mongodb://localhost/vidly_tests...","timestamp":"2020-02-17T17:42:57.675Z"}
{"level":"info","message":"Connected to mongodb://localhost/vidly_tests...","timestamp":"2020-02-17T17:42:57.857Z"}
{"level":"info","message":"Connected to mongodb://localhost/vidly_tests...","timestamp":"2020-02-17T17:43:01.797Z"}
{"level":"info","message":"Listening on port 3000...","timestamp":"2020-02-17T17:43:22.442Z"}
{"level":"info","message":"Listening on port 3000...","timestamp":"2020-02-17T17:43:22.418Z"}
{"level":"info","message":"Connected to mongodb://localhost/vidly_tests...","timestamp":"2020-02-17T17:43:24.550Z"}
{"level":"info","message":"Connected to mongodb://localhost/vidly_tests...","timestamp":"2020-02-17T17:43:24.625Z"}
{"level":"info","message":"Listening on port 3000...","timestamp":"2020-02-17T17:45:28.254Z"}
{"level":"info","message":"Listening on port 3000...","timestamp":"2020-02-17T17:45:28.355Z"}
{"level":"info","message":"Connected to mongodb://localhost/vidly_tests...","timestamp":"2020-02-17T17:45:30.441Z"}
{"level":"info","message":"Connected to mongodb://localhost/vidly_tests...","timestamp":"2020-02-17T17:45:30.530Z"}
{"level":"info","message":"Connected to mongodb://localhost/vidly_tests...","timestamp":"2020-02-17T17:45:33.712Z"}
{"level":"info","message":"Listening on port 3000...","timestamp":"2020-02-17T17:46:01.911Z"}
{"level":"info","message":"Listening on port 3000...","timestamp":"2020-02-17T17:46:02.059Z"}
{"level":"info","message":"Connected to mongodb://localhost/vidly_tests...","timestamp":"2020-02-17T17:46:04.227Z"}
{"level":"info","message":"Connected to mongodb://localhost/vidly_tests...","timestamp":"2020-02-17T17:46:04.295Z"}
{"level":"info","message":"Connected to mongodb://localhost/vidly_tests...","timestamp":"2020-02-17T17:46:10.468Z"}
{"level":"info","message":"Listening on port 3000...","timestamp":"2020-02-17T17:46:44.294Z"}
{"level":"info","message":"Listening on port 3000...","timestamp":"2020-02-17T17:46:44.268Z"}
{"level":"info","message":"Connected to mongodb://localhost/vidly_tests...","timestamp":"2020-02-17T17:46:46.435Z"}
{"level":"info","message":"Connected to mongodb://localhost/vidly_tests...","timestamp":"2020-02-17T17:46:46.638Z"}
{"level":"info","message":"Connected to mongodb://localhost/vidly_tests...","timestamp":"2020-02-17T17:46:49.923Z"}
{"level":"info","message":"Listening on port 3000...","timestamp":"2020-02-17T17:47:15.233Z"}
{"level":"info","message":"Listening on port 3000...","timestamp":"2020-02-17T17:47:15.259Z"}
{"level":"info","message":"Listening on port 3000...","timestamp":"2020-02-17T17:47:15.439Z"}
{"level":"info","message":"Connected to mongodb://localhost/vidly_tests...","timestamp":"2020-02-17T17:47:17.384Z"}
{"level":"info","message":"Connected to mongodb://localhost/vidly_tests...","timestamp":"2020-02-17T17:47:17.448Z"}
{"level":"info","message":"Connected to mongodb://localhost/vidly_tests...","timestamp":"2020-02-17T17:47:17.543Z"}
{"level":"info","message":"Listening on port 3000...","timestamp":"2020-02-17T17:48:28.397Z"}
{"level":"info","message":"Listening on port 3000...","timestamp":"2020-02-17T17:48:28.506Z"}
{"level":"info","message":"Connected to mongodb://localhost/vidly_tests...","timestamp":"2020-02-17T17:48:30.575Z"}
{"level":"info","message":"Listening on port 3000...","timestamp":"2020-02-17T17:48:30.481Z"}
{"level":"info","message":"Connected to mongodb://localhost/vidly_tests...","timestamp":"2020-02-17T17:48:30.797Z"}
{"level":"info","message":"Connected to mongodb://localhost/vidly_tests...","timestamp":"2020-02-17T17:48:32.680Z"}
{"level":"info","message":"Listening on port 3000...","timestamp":"2020-02-17T20:49:09.261Z"}
{"level":"info","message":"Connected to mongodb://localhost/vidly_tests...","timestamp":"2020-02-17T20:49:11.564Z"}
{"level":"info","message":"Listening on port 3000...","timestamp":"2020-02-17T20:49:12.236Z"}
{"level":"info","message":"Connected to mongodb://localhost/vidly_tests...","timestamp":"2020-02-17T20:49:14.621Z"}
{"level":"info","message":"Connected to mongodb://localhost/vidly_tests...","timestamp":"2020-02-17T20:49:18.433Z"}
{"level":"info","message":"Listening on port 3000...","timestamp":"2020-02-17T20:49:40.314Z"}
{"level":"info","message":"Listening on port 3000...","timestamp":"2020-02-17T20:49:40.704Z"}
{"level":"info","message":"Connected to mongodb://localhost/vidly_tests...","timestamp":"2020-02-17T20:49:42.728Z"}
{"level":"info","message":"Connected to mongodb://localhost/vidly_tests...","timestamp":"2020-02-17T20:49:43.164Z"}
{"level":"info","message":"Connected to mongodb://localhost/vidly_tests...","timestamp":"2020-02-17T20:49:48.384Z"}
{"level":"info","message":"Listening on port 3000...","timestamp":"2020-02-17T20:50:22.981Z"}
{"level":"info","message":"Listening on port 3000...","timestamp":"2020-02-17T20:50:23.161Z"}
{"level":"info","message":"Connected to mongodb://localhost/vidly_tests...","timestamp":"2020-02-17T20:50:25.435Z"}
{"level":"info","message":"Connected to mongodb://localhost/vidly_tests...","timestamp":"2020-02-17T20:50:25.544Z"}
{"level":"info","message":"Connected to mongodb://localhost/vidly_tests...","timestamp":"2020-02-17T20:50:27.143Z"}
{"level":"info","message":"Listening on port 3000...","timestamp":"2020-02-17T20:50:29.175Z"}
{"level":"info","message":"Listening on port 3000...","timestamp":"2020-02-17T20:51:26.644Z"}
{"level":"info","message":"Listening on port 3000...","timestamp":"2020-02-17T20:51:26.940Z"}
{"level":"info","message":"Connected to mongodb://localhost/vidly_tests...","timestamp":"2020-02-17T20:51:29.017Z"}
{"level":"info","message":"Connected to mongodb://localhost/vidly_tests...","timestamp":"2020-02-17T20:51:29.053Z"}
{"level":"info","message":"Connected to mongodb://localhost/vidly_tests...","timestamp":"2020-02-17T20:51:30.313Z"}
{"level":"info","message":"Listening on port 3000...","timestamp":"2020-02-17T20:51:32.358Z"}
{"level":"info","message":"Listening on port 3000...","timestamp":"2020-02-17T20:52:47.849Z"}
{"level":"info","message":"Listening on port 3000...","timestamp":"2020-02-17T20:52:48.028Z"}
{"level":"info","message":"Connected to mongodb://localhost/vidly_tests...","timestamp":"2020-02-17T20:52:49.997Z"}
{"level":"info","message":"Connected to mongodb://localhost/vidly_tests...","timestamp":"2020-02-17T20:52:50.325Z"}
{"level":"info","message":"Connected to mongodb://localhost/vidly_tests...","timestamp":"2020-02-17T20:52:51.801Z"}
{"level":"info","message":"Listening on port 3000...","timestamp":"2020-02-17T20:52:53.833Z"}
{"level":"info","message":"Listening on port 3000...","timestamp":"2020-02-17T20:54:20.929Z"}
{"level":"info","message":"Listening on port 3000...","timestamp":"2020-02-17T20:54:21.130Z"}
{"level":"info","message":"Connected to mongodb://localhost/vidly_tests...","timestamp":"2020-02-17T20:54:23.098Z"}
{"level":"info","message":"Connected to mongodb://localhost/vidly_tests...","timestamp":"2020-02-17T20:54:23.173Z"}
{"level":"info","message":"Connected to mongodb://localhost/vidly_tests...","timestamp":"2020-02-17T20:54:23.287Z"}
{"level":"info","message":"Listening on port 3000...","timestamp":"2020-02-17T20:54:25.198Z"}
{"level":"info","message":"Listening on port 3000...","timestamp":"2020-02-17T20:57:19.406Z"}
{"level":"info","message":"Listening on port 3000...","timestamp":"2020-02-17T20:57:19.636Z"}
{"level":"info","message":"Connected to mongodb://localhost/vidly_tests...","timestamp":"2020-02-17T20:57:21.575Z"}
{"level":"info","message":"Connected to mongodb://localhost/vidly_tests...","timestamp":"2020-02-17T20:57:21.752Z"}
{"level":"info","message":"Connected to mongodb://localhost/vidly_tests...","timestamp":"2020-02-17T20:57:23.072Z"}
{"level":"info","message":"Listening on port 3000...","timestamp":"2020-02-17T20:57:25.117Z"}
{"level":"info","message":"Listening on port 3000...","timestamp":"2020-02-17T20:57:58.733Z"}
{"level":"info","message":"Listening on port 3000...","timestamp":"2020-02-17T20:57:59.042Z"}
{"level":"info","message":"Connected to mongodb://localhost/vidly_tests...","timestamp":"2020-02-17T20:58:01.113Z"}
{"level":"info","message":"Connected to mongodb://localhost/vidly_tests...","timestamp":"2020-02-17T20:58:01.202Z"}
{"level":"info","message":"Connected to mongodb://localhost/vidly_tests...","timestamp":"2020-02-17T20:58:01.405Z"}
{"level":"info","message":"Listening on port 3000...","timestamp":"2020-02-17T20:58:03.257Z"}
{"level":"info","message":"Listening on port 3000...","timestamp":"2020-02-17T21:44:11.536Z"}
{"level":"info","message":"Listening on port 3000...","timestamp":"2020-02-17T21:44:11.561Z"}
{"level":"info","message":"Connected to mongodb://localhost/vidly_tests...","timestamp":"2020-02-17T21:44:13.877Z"}
{"level":"info","message":"Connected to mongodb://localhost/vidly_tests...","timestamp":"2020-02-17T21:44:13.883Z"}
{"level":"info","message":"Connected to mongodb://localhost/vidly_tests...","timestamp":"2020-02-17T21:44:15.917Z"}
{"level":"info","message":"Listening on port 3000...","timestamp":"2020-02-17T21:44:17.951Z"}
{"level":"info","message":"Listening on port 3000...","timestamp":"2020-02-17T21:46:04.109Z"}
{"level":"info","message":"Listening on port 3000...","timestamp":"2020-02-17T21:46:04.299Z"}
{"level":"info","message":"Connected to mongodb://localhost/vidly_tests...","timestamp":"2020-02-17T21:46:06.266Z"}
{"level":"info","message":"Connected to mongodb://localhost/vidly_tests...","timestamp":"2020-02-17T21:46:06.542Z"}
{"level":"info","message":"Connected to mongodb://localhost/vidly_tests...","timestamp":"2020-02-17T21:46:08.542Z"}
{"level":"info","message":"Listening on port 3000...","timestamp":"2020-02-17T21:46:10.565Z"}
{"level":"info","message":"Listening on port 3000...","timestamp":"2020-02-17T21:46:38.922Z"}
{"level":"info","message":"Listening on port 3000...","timestamp":"2020-02-17T21:46:39.188Z"}
{"level":"info","message":"Connected to mongodb://localhost/vidly_tests...","timestamp":"2020-02-17T21:46:41.220Z"}
{"level":"info","message":"Connected to mongodb://localhost/vidly_tests...","timestamp":"2020-02-17T21:46:41.315Z"}
{"level":"info","message":"Connected to mongodb://localhost/vidly_tests...","timestamp":"2020-02-17T21:46:41.357Z"}
{"level":"info","message":"Listening on port 3000...","timestamp":"2020-02-17T21:46:43.383Z"}
{"level":"info","message":"Listening on port 3000...","timestamp":"2020-02-17T22:07:43.766Z"}
{"level":"info","message":"Listening on port 3000...","timestamp":"2020-02-17T22:07:45.063Z"}
{"level":"info","message":"Connected to mongodb://localhost/vidly_tests...","timestamp":"2020-02-17T22:07:46.156Z"}
{"level":"info","message":"Connected to mongodb://localhost/vidly_tests...","timestamp":"2020-02-17T22:07:46.922Z"}
{"level":"info","message":"Connected to mongodb://localhost/vidly_tests...","timestamp":"2020-02-17T22:07:47.192Z"}
{"level":"info","message":"Listening on port 3000...","timestamp":"2020-02-17T22:07:48.946Z"}
{"level":"info","message":"Listening on port 3000...","timestamp":"2020-02-17T22:08:17.062Z"}
{"level":"info","message":"Listening on port 3000...","timestamp":"2020-02-17T22:08:17.126Z"}
{"level":"info","message":"Listening on port 3000...","timestamp":"2020-02-17T22:08:17.158Z"}
{"level":"info","message":"Connected to mongodb://localhost/vidly_tests...","timestamp":"2020-02-17T22:08:19.303Z"}
{"level":"info","message":"Connected to mongodb://localhost/vidly_tests...","timestamp":"2020-02-17T22:08:19.407Z"}
{"level":"info","message":"Connected to mongodb://localhost/vidly_tests...","timestamp":"2020-02-17T22:08:19.421Z"}
{"level":"info","message":"Listening on port 3000...","timestamp":"2020-02-17T22:09:05.464Z"}
{"level":"info","message":"Listening on port 3000...","timestamp":"2020-02-17T22:09:05.446Z"}
{"level":"info","message":"Connected to mongodb://localhost/vidly_tests...","timestamp":"2020-02-17T22:09:07.792Z"}
{"level":"info","message":"Connected to mongodb://localhost/vidly_tests...","timestamp":"2020-02-17T22:09:07.974Z"}
{"level":"info","message":"Connected to mongodb://localhost/vidly_tests...","timestamp":"2020-02-17T22:09:10.005Z"}
{"level":"info","message":"Listening on port 3000...","timestamp":"2020-02-17T22:09:12.040Z"}
{"level":"info","message":"Listening on port 3000...","timestamp":"2020-02-17T22:10:57.660Z"}
{"level":"info","message":"Listening on port 3000...","timestamp":"2020-02-17T22:10:57.642Z"}
{"level":"info","message":"Connected to mongodb://localhost/vidly_tests...","timestamp":"2020-02-17T22:10:59.892Z"}
{"level":"info","message":"Connected to mongodb://localhost/vidly_tests...","timestamp":"2020-02-17T22:10:59.926Z"}
{"level":"info","message":"Connected to mongodb://localhost/vidly_tests...","timestamp":"2020-02-17T22:10:59.926Z"}
{"level":"info","message":"Listening on port 3000...","timestamp":"2020-02-17T22:11:01.959Z"}
{"level":"info","message":"Listening on port 3000...","timestamp":"2020-02-17T22:30:43.777Z"}
{"level":"info","message":"Listening on port 3000...","timestamp":"2020-02-17T22:30:43.890Z"}
{"level":"info","message":"Connected to mongodb://localhost/vidly_tests...","timestamp":"2020-02-17T22:30:45.910Z"}
{"level":"info","message":"Connected to mongodb://localhost/vidly_tests...","timestamp":"2020-02-17T22:30:46.021Z"}
{"level":"info","message":"Connected to mongodb://localhost/vidly_tests...","timestamp":"2020-02-17T22:30:47.512Z"}
{"level":"info","message":"Listening on port 3000...","timestamp":"2020-02-17T22:30:49.544Z"}
{"level":"info","message":"Listening on port 3000...","timestamp":"2020-02-17T22:32:47.601Z"}
{"level":"info","message":"Listening on port 3000...","timestamp":"2020-02-17T22:32:48.044Z"}
{"level":"info","message":"Connected to mongodb://localhost/vidly_tests...","timestamp":"2020-02-17T22:32:50.140Z"}
{"level":"info","message":"Connected to mongodb://localhost/vidly_tests...","timestamp":"2020-02-17T22:32:50.330Z"}
{"level":"info","message":"Connected to mongodb://localhost/vidly_tests...","timestamp":"2020-02-17T22:32:50.428Z"}
{"level":"info","message":"Listening on port 3000...","timestamp":"2020-02-17T22:32:52.449Z"}
{"level":"info","message":"Listening on port 3000...","timestamp":"2020-02-17T22:37:48.135Z"}
{"level":"info","message":"Listening on port 3000...","timestamp":"2020-02-17T22:37:48.454Z"}
{"level":"info","message":"Connected to mongodb://localhost/vidly_tests...","timestamp":"2020-02-17T22:37:50.310Z"}
{"level":"info","message":"Connected to mongodb://localhost/vidly_tests...","timestamp":"2020-02-17T22:37:50.567Z"}
{"level":"info","message":"Connected to mongodb://localhost/vidly_tests...","timestamp":"2020-02-17T22:37:51.938Z"}
{"level":"info","message":"Listening on port 3000...","timestamp":"2020-02-17T22:37:53.988Z"}
{"level":"info","message":"Listening on port 3000...","timestamp":"2020-02-17T22:38:40.883Z"}
{"level":"info","message":"Listening on port 3000...","timestamp":"2020-02-17T22:38:40.973Z"}
{"level":"info","message":"Connected to mongodb://localhost/vidly_tests...","timestamp":"2020-02-17T22:38:43.258Z"}
{"level":"info","message":"Connected to mongodb://localhost/vidly_tests...","timestamp":"2020-02-17T22:38:43.465Z"}
{"level":"info","message":"Connected to mongodb://localhost/vidly_tests...","timestamp":"2020-02-17T22:38:45.131Z"}
{"level":"info","message":"Listening on port 3000...","timestamp":"2020-02-17T22:38:47.212Z"}
{"level":"info","message":"Listening on port 3000...","timestamp":"2020-02-17T22:40:26.212Z"}
{"level":"info","message":"Listening on port 3000...","timestamp":"2020-02-17T22:40:26.218Z"}
{"level":"info","message":"Listening on port 3000...","timestamp":"2020-02-17T22:40:26.281Z"}
{"level":"info","message":"Connected to mongodb://localhost/vidly_tests...","timestamp":"2020-02-17T22:40:28.363Z"}
{"level":"info","message":"Connected to mongodb://localhost/vidly_tests...","timestamp":"2020-02-17T22:40:28.412Z"}
{"level":"info","message":"Connected to mongodb://localhost/vidly_tests...","timestamp":"2020-02-17T22:40:28.439Z"}
{"level":"info","message":"Listening on port 3000...","timestamp":"2020-02-17T22:57:03.095Z"}
{"level":"info","message":"Listening on port 3000...","timestamp":"2020-02-17T22:57:03.255Z"}
{"level":"info","message":"Connected to mongodb://localhost/vidly_tests...","timestamp":"2020-02-17T22:57:05.316Z"}
{"level":"info","message":"Connected to mongodb://localhost/vidly_tests...","timestamp":"2020-02-17T22:57:05.575Z"}
{"level":"info","message":"Listening on port 3000...","timestamp":"2020-02-17T22:58:56.466Z"}
{"level":"info","message":"Listening on port 3000...","timestamp":"2020-02-17T22:58:56.631Z"}
{"level":"info","message":"Connected to mongodb://localhost/vidly_tests...","timestamp":"2020-02-17T22:58:58.672Z"}
{"level":"info","message":"Connected to mongodb://localhost/vidly_tests...","timestamp":"2020-02-17T22:58:58.847Z"}
{"level":"info","message":"Listening on port 3000...","timestamp":"2020-02-17T22:59:22.830Z"}
{"level":"info","message":"Listening on port 3000...","timestamp":"2020-02-17T22:59:23.095Z"}
{"level":"info","message":"Connected to mongodb://localhost/vidly_tests...","timestamp":"2020-02-17T22:59:24.994Z"}
{"level":"info","message":"Connected to mongodb://localhost/vidly_tests...","timestamp":"2020-02-17T22:59:25.238Z"}
{"level":"info","message":"Listening on port 3000...","timestamp":"2020-02-17T23:00:25.314Z"}
{"level":"info","message":"Listening on port 3000...","timestamp":"2020-02-17T23:00:25.293Z"}
{"level":"info","message":"Connected to mongodb://localhost/vidly_tests...","timestamp":"2020-02-17T23:00:27.431Z"}
{"level":"info","message":"Connected to mongodb://localhost/vidly_tests...","timestamp":"2020-02-17T23:00:27.504Z"}
{"level":"info","message":"Listening on port 3000...","timestamp":"2020-02-17T23:01:06.161Z"}
{"level":"info","message":"Listening on port 3000...","timestamp":"2020-02-17T23:01:06.236Z"}
{"level":"info","message":"Connected to mongodb://localhost/vidly_tests...","timestamp":"2020-02-17T23:01:08.354Z"}
{"level":"info","message":"Connected to mongodb://localhost/vidly_tests...","timestamp":"2020-02-17T23:01:08.588Z"}
{"level":"info","message":"Listening on port 3000...","timestamp":"2020-02-17T23:01:34.736Z"}
{"level":"info","message":"Listening on port 3000...","timestamp":"2020-02-17T23:01:34.714Z"}
{"level":"info","message":"Connected to mongodb://localhost/vidly_tests...","timestamp":"2020-02-17T23:01:36.862Z"}
{"level":"info","message":"Connected to mongodb://localhost/vidly_tests...","timestamp":"2020-02-17T23:01:37.152Z"}
{"level":"info","message":"Listening on port 3000...","timestamp":"2020-02-17T23:02:01.342Z"}
{"level":"info","message":"Listening on port 3000...","timestamp":"2020-02-17T23:02:01.499Z"}
{"level":"info","message":"Connected to mongodb://localhost/vidly_tests...","timestamp":"2020-02-17T23:02:03.670Z"}
{"level":"info","message":"Connected to mongodb://localhost/vidly_tests...","timestamp":"2020-02-17T23:02:03.710Z"}
{"level":"info","message":"Listening on port 3000...","timestamp":"2020-02-17T23:02:11.681Z"}
{"level":"info","message":"Connected to mongodb://localhost/vidly_tests...","timestamp":"2020-02-17T23:02:13.805Z"}
{"level":"info","message":"Listening on port 3000...","timestamp":"2020-02-17T23:06:47.332Z"}
{"level":"info","message":"Listening on port 3000...","timestamp":"2020-02-17T23:06:47.354Z"}
{"level":"info","message":"Connected to mongodb://localhost/vidly_tests...","timestamp":"2020-02-17T23:06:49.489Z"}
{"level":"info","message":"Connected to mongodb://localhost/vidly_tests...","timestamp":"2020-02-17T23:06:49.529Z"}
{"level":"info","message":"Connected to mongodb://localhost/vidly_tests...","timestamp":"2020-02-17T23:06:51.469Z"}
{"level":"info","message":"Listening on port 3000...","timestamp":"2020-02-17T23:06:53.498Z"}
{"level":"info","message":"Listening on port 3000...","timestamp":"2020-02-17T23:08:04.363Z"}
{"level":"info","message":"Listening on port 3000...","timestamp":"2020-02-17T23:08:04.464Z"}
{"level":"info","message":"Listening on port 3000...","timestamp":"2020-02-17T23:08:05.525Z"}
{"level":"info","message":"Connected to mongodb://localhost/vidly_tests...","timestamp":"2020-02-17T23:08:06.908Z"}
{"level":"info","message":"Connected to mongodb://localhost/vidly_tests...","timestamp":"2020-02-17T23:08:07.119Z"}
{"level":"info","message":"Connected to mongodb://localhost/vidly_tests...","timestamp":"2020-02-17T23:08:07.878Z"}
{"level":"info","message":"Listening on port 3000...","timestamp":"2020-02-17T23:08:50.619Z"}
{"level":"info","message":"Listening on port 3000...","timestamp":"2020-02-17T23:08:50.773Z"}
{"level":"info","message":"Connected to mongodb://localhost/vidly_tests...","timestamp":"2020-02-17T23:08:53.047Z"}
{"level":"info","message":"Connected to mongodb://localhost/vidly_tests...","timestamp":"2020-02-17T23:08:53.071Z"}
